#0 building with "exciting_roentgen" instance using docker-container driver

#1 [internal] load build definition from Dockerfile
#1 transferring dockerfile: 586B done
#1 DONE 0.0s

#2 [auth] library/node:pull token for registry-1.docker.io
#2 DONE 0.0s

#3 [auth] library/nginx:pull token for registry-1.docker.io
#3 DONE 0.0s

#4 [internal] load metadata for docker.io/library/node:18
#4 ...

#5 [internal] load metadata for docker.io/library/nginx:alpine
#5 DONE 0.4s

#4 [internal] load metadata for docker.io/library/node:18
#4 DONE 0.4s

#6 [internal] load .dockerignore
#6 transferring context: 2B done
#6 DONE 0.0s

#7 [build 1/6] FROM docker.io/library/node:18@sha256:ca07c02d13baf021ff5aadb3b48bcd1fcdd454826266ac313ce858676e8c1548
#7 resolve docker.io/library/node:18@sha256:ca07c02d13baf021ff5aadb3b48bcd1fcdd454826266ac313ce858676e8c1548 done
#7 DONE 0.0s

#8 [stage-1 1/2] FROM docker.io/library/nginx:alpine@sha256:a5127daff3d6f4606be3100a252419bfa84fd6ee5cd74d0feaca1a5068f97dcf
#8 resolve docker.io/library/nginx:alpine@sha256:a5127daff3d6f4606be3100a252419bfa84fd6ee5cd74d0feaca1a5068f97dcf done
#8 DONE 0.0s

#9 [internal] load build context
#9 transferring context: 923.84MB 5.1s
#9 transferring context: 1.83GB 10.1s
#9 transferring context: 2.76GB 15.2s
#9 transferring context: 3.66GB 20.3s
#9 transferring context: 4.45GB 25.4s
#9 transferring context: 4.73GB 28.3s done
#9 DONE 28.4s

#10 [build 2/6] WORKDIR /app
#10 CACHED

#11 [build 3/6] COPY package*.json ./
#11 DONE 0.5s

#12 [build 4/6] RUN npm install --omit=dev
#12 1.609 npm notice
#12 1.609 npm notice New minor version of npm available! 10.7.0 -> 10.8.3
#12 1.609 npm notice Changelog: https://github.com/npm/cli/releases/tag/v10.8.3
#12 1.609 npm notice To update run: npm install -g npm@10.8.3
#12 1.609 npm notice
#12 1.612 npm error code ERESOLVE
#12 1.616 npm error ERESOLVE could not resolve
#12 1.616 npm error
#12 1.616 npm error While resolving: @fortawesome/angular-fontawesome@0.11.1
#12 1.616 npm error Found: @angular/core@17.3.12
#12 1.616 npm error node_modules/@angular/core
#12 1.616 npm error   @angular/core@"^17.2.4" from the root project
#12 1.616 npm error   peer @angular/core@"17.3.12" from @angular/animations@17.3.12
#12 1.616 npm error   node_modules/@angular/animations
#12 1.616 npm error     @angular/animations@"^17.2.4" from the root project
#12 1.616 npm error     peerOptional @angular/animations@"17.3.12" from @angular/platform-browser@17.3.12
#12 1.616 npm error     node_modules/@angular/platform-browser
#12 1.616 npm error       @angular/platform-browser@"^17.2.4" from the root project
#12 1.616 npm error       3 more (@angular/forms, @angular/platform-browser-dynamic, @angular/router)
#12 1.616 npm error   6 more (@angular/common, @angular/compiler, @angular/forms, ...)
#12 1.616 npm error
#12 1.616 npm error Could not resolve dependency:
#12 1.616 npm error peer @angular/core@"^14.0.0" from @fortawesome/angular-fontawesome@0.11.1
#12 1.616 npm error node_modules/@fortawesome/angular-fontawesome
#12 1.616 npm error   @fortawesome/angular-fontawesome@"^0.11.0" from the root project
#12 1.616 npm error
#12 1.616 npm error Conflicting peer dependency: @angular/core@14.3.0
#12 1.616 npm error node_modules/@angular/core
#12 1.616 npm error   peer @angular/core@"^14.0.0" from @fortawesome/angular-fontawesome@0.11.1
#12 1.616 npm error   node_modules/@fortawesome/angular-fontawesome
#12 1.616 npm error     @fortawesome/angular-fontawesome@"^0.11.0" from the root project
#12 1.616 npm error
#12 1.616 npm error Fix the upstream dependency conflict, or retry
#12 1.616 npm error this command with --force or --legacy-peer-deps
#12 1.616 npm error to accept an incorrect (and potentially broken) dependency resolution.
#12 1.616 npm error
#12 1.616 npm error
#12 1.616 npm error For a full report see:
#12 1.616 npm error /root/.npm/_logs/2024-09-15T00_23_12_455Z-eresolve-report.txt
#12 1.618 
#12 1.621 npm error A complete log of this run can be found in: /root/.npm/_logs/2024-09-15T00_23_12_455Z-debug-0.log
#12 ERROR: process "/bin/sh -c npm install --omit=dev" did not complete successfully: exit code: 1
------
 > [build 4/6] RUN npm install --omit=dev:
1.616 npm error
1.616 npm error Fix the upstream dependency conflict, or retry
1.616 npm error this command with --force or --legacy-peer-deps
1.616 npm error to accept an incorrect (and potentially broken) dependency resolution.
1.616 npm error
1.616 npm error
1.616 npm error For a full report see:
1.616 npm error /root/.npm/_logs/2024-09-15T00_23_12_455Z-eresolve-report.txt
1.618 
1.621 npm error A complete log of this run can be found in: /root/.npm/_logs/2024-09-15T00_23_12_455Z-debug-0.log
------
WARNING: No output specified with docker-container driver. Build result will only remain in the build cache. To push result image into registry use --push or to load image into docker use --load
Dockerfile:11
--------------------
   9 |     
  10 |     # Install dependencies
  11 | >>> RUN npm install --omit=dev
  12 |     
  13 |     # Copy the Angular app source code
--------------------
ERROR: failed to solve: process "/bin/sh -c npm install --omit=dev" did not complete successfully: exit code: 1
